127.0.0.1 - - [12/Mar/2021:23:08:13 -0600] "GET /batch/index HTTP/1.1" 200 - "-" "ScannerCLI/4.6.0.2311" "AXgp/CK6HjJYhF8zAAAA"
127.0.0.1 - - [12/Mar/2021:23:08:16 -0600] "GET /batch/file?name=sonar-scanner-engine-shaded-8.7.0.41497-all.jar HTTP/1.1" 200 - "-" "ScannerCLI/4.6.0.2311" "AXgp/CK6HjJYhF8zAAAB"
127.0.0.1 - - [12/Mar/2021:23:08:28 -0600] "GET /api/settings/values.protobuf HTTP/1.1" 401 - "-" "ScannerCLI/4.6.0.2311" "AXgp/CK6HjJYhF8zAAAC"
127.0.0.1 - - [12/Mar/2021:23:16:01 -0600] "GET /batch/index HTTP/1.1" 200 - "-" "ScannerCLI/4.6.0.2311" "AXgp/CK6HjJYhF8zAAAD"
127.0.0.1 - - [12/Mar/2021:23:16:05 -0600] "GET /api/settings/values.protobuf HTTP/1.1" 401 - "-" "ScannerCLI/4.6.0.2311" "AXgp/CK6HjJYhF8zAAAE"
127.0.0.1 - - [12/Mar/2021:23:25:15 -0600] "GET /batch/index HTTP/1.1" 200 - "-" "ScannerCLI/4.6.0.2311" "AXgp/CK6HjJYhF8zAAAF"
127.0.0.1 - - [12/Mar/2021:23:25:19 -0600] "GET /api/settings/values.protobuf HTTP/1.1" 401 - "-" "ScannerCLI/4.6.0.2311" "AXgp/CK6HjJYhF8zAAAG"
0:0:0:0:0:0:0:1 - - [12/Mar/2021:23:39:49 -0600] "GET / HTTP/1.1" 200 - "-" "Mozilla/5.0 (Windows NT 10.0; Win64; x64) AppleWebKit/537.36 (KHTML, like Gecko) Chrome/89.0.4389.82 Safari/537.36" "AXgp/CK6HjJYhF8zAAAH"
0:0:0:0:0:0:0:1 - - [12/Mar/2021:23:39:50 -0600] "GET /js/main.m.77bf344c.js HTTP/1.1" 200 - "http://localhost:9000/" "Mozilla/5.0 (Windows NT 10.0; Win64; x64) AppleWebKit/537.36 (KHTML, like Gecko) Chrome/89.0.4389.82 Safari/537.36" "AXgp/CK6HjJYhF8zAAAJ"
0:0:0:0:0:0:0:1 - - [12/Mar/2021:23:39:50 -0600] "GET /js/vendors-main.m.6450b0b1.chunk.js HTTP/1.1" 200 - "http://localhost:9000/" "Mozilla/5.0 (Windows NT 10.0; Win64; x64) AppleWebKit/537.36 (KHTML, like Gecko) Chrome/89.0.4389.82 Safari/537.36" "AXgp/CK6HjJYhF8zAAAI"
0:0:0:0:0:0:0:1 - - [12/Mar/2021:23:39:50 -0600] "GET /api/users/current HTTP/1.1" 401 - "http://localhost:9000/" "Mozilla/5.0 (Windows NT 10.0; Win64; x64) AppleWebKit/537.36 (KHTML, like Gecko) Chrome/89.0.4389.82 Safari/537.36" "AXgp/CK6HjJYhF8zAAAL"
0:0:0:0:0:0:0:1 - - [12/Mar/2021:23:39:50 -0600] "GET /api/navigation/global HTTP/1.1" 401 - "http://localhost:9000/" "Mozilla/5.0 (Windows NT 10.0; Win64; x64) AppleWebKit/537.36 (KHTML, like Gecko) Chrome/89.0.4389.82 Safari/537.36" "AXgp/CK6HjJYhF8zAAAM"
0:0:0:0:0:0:0:1 - - [12/Mar/2021:23:39:51 -0600] "GET /js/11.m.b98e1eda.chunk.js HTTP/1.1" 200 - "http://localhost:9000/" "Mozilla/5.0 (Windows NT 10.0; Win64; x64) AppleWebKit/537.36 (KHTML, like Gecko) Chrome/89.0.4389.82 Safari/537.36" "AXgp/CK6HjJYhF8zAAAN"
0:0:0:0:0:0:0:1 - - [12/Mar/2021:23:39:51 -0600] "GET /sessions/new?return_to=%2F HTTP/1.1" 200 - "http://localhost:9000/" "Mozilla/5.0 (Windows NT 10.0; Win64; x64) AppleWebKit/537.36 (KHTML, like Gecko) Chrome/89.0.4389.82 Safari/537.36" "AXgp/CK6HjJYhF8zAAAQ"
0:0:0:0:0:0:0:1 - - [12/Mar/2021:23:39:51 -0600] "GET /js/app.m.dde350b6.chunk.js HTTP/1.1" 200 - "http://localhost:9000/" "Mozilla/5.0 (Windows NT 10.0; Win64; x64) AppleWebKit/537.36 (KHTML, like Gecko) Chrome/89.0.4389.82 Safari/537.36" "AXgp/CK6HjJYhF8zAAAP"
0:0:0:0:0:0:0:1 - - [12/Mar/2021:23:39:51 -0600] "GET /js/vendors-app.m.56011638.chunk.js HTTP/1.1" 200 - "http://localhost:9000/" "Mozilla/5.0 (Windows NT 10.0; Win64; x64) AppleWebKit/537.36 (KHTML, like Gecko) Chrome/89.0.4389.82 Safari/537.36" "AXgp/CK6HjJYhF8zAAAO"
0:0:0:0:0:0:0:1 - - [12/Mar/2021:23:39:52 -0600] "GET /api/l10n/index?locale=es-ES HTTP/1.1" 200 - "http://localhost:9000/" "Mozilla/5.0 (Windows NT 10.0; Win64; x64) AppleWebKit/537.36 (KHTML, like Gecko) Chrome/89.0.4389.82 Safari/537.36" "AXgp/CK6HjJYhF8zAAAK"
0:0:0:0:0:0:0:1 - - [12/Mar/2021:23:39:52 -0600] "GET /api/navigation/global HTTP/1.1" 401 - "http://localhost:9000/sessions/new?return_to=%2F" "Mozilla/5.0 (Windows NT 10.0; Win64; x64) AppleWebKit/537.36 (KHTML, like Gecko) Chrome/89.0.4389.82 Safari/537.36" "AXgp/CK6HjJYhF8zAAAR"
0:0:0:0:0:0:0:1 - - [12/Mar/2021:23:39:52 -0600] "GET /js/app.m.dde350b6.chunk.js HTTP/1.1" 200 - "http://localhost:9000/sessions/new?return_to=%2F" "Mozilla/5.0 (Windows NT 10.0; Win64; x64) AppleWebKit/537.36 (KHTML, like Gecko) Chrome/89.0.4389.82 Safari/537.36" "AXgp/CK6HjJYhF8zAAAV"
0:0:0:0:0:0:0:1 - - [12/Mar/2021:23:39:53 -0600] "GET /js/11.m.b98e1eda.chunk.js HTTP/1.1" 200 - "http://localhost:9000/sessions/new?return_to=%2F" "Mozilla/5.0 (Windows NT 10.0; Win64; x64) AppleWebKit/537.36 (KHTML, like Gecko) Chrome/89.0.4389.82 Safari/537.36" "AXgp/CK6HjJYhF8zAAAT"
0:0:0:0:0:0:0:1 - - [12/Mar/2021:23:39:53 -0600] "GET /js/vendors-app.m.56011638.chunk.js HTTP/1.1" 200 - "http://localhost:9000/sessions/new?return_to=%2F" "Mozilla/5.0 (Windows NT 10.0; Win64; x64) AppleWebKit/537.36 (KHTML, like Gecko) Chrome/89.0.4389.82 Safari/537.36" "AXgp/CK6HjJYhF8zAAAU"
0:0:0:0:0:0:0:1 - - [12/Mar/2021:23:39:53 -0600] "GET /api/l10n/index?locale=es-ES HTTP/1.1" 200 - "http://localhost:9000/sessions/new?return_to=%2F" "Mozilla/5.0 (Windows NT 10.0; Win64; x64) AppleWebKit/537.36 (KHTML, like Gecko) Chrome/89.0.4389.82 Safari/537.36" "AXgp/CK6HjJYhF8zAAAS"
0:0:0:0:0:0:0:1 - - [12/Mar/2021:23:39:54 -0600] "GET /js/360.m.04913aa3.chunk.js HTTP/1.1" 200 549 "http://localhost:9000/sessions/new?return_to=%2F" "Mozilla/5.0 (Windows NT 10.0; Win64; x64) AppleWebKit/537.36 (KHTML, like Gecko) Chrome/89.0.4389.82 Safari/537.36" "AXgp/CK6HjJYhF8zAAAW"
0:0:0:0:0:0:0:1 - - [12/Mar/2021:23:39:54 -0600] "GET /js/15.m.75f1a4dc.chunk.js HTTP/1.1" 200 2197 "http://localhost:9000/sessions/new?return_to=%2F" "Mozilla/5.0 (Windows NT 10.0; Win64; x64) AppleWebKit/537.36 (KHTML, like Gecko) Chrome/89.0.4389.82 Safari/537.36" "AXgp/CK6HjJYhF8zAAAX"
0:0:0:0:0:0:0:1 - - [12/Mar/2021:23:39:54 -0600] "GET /js/308.m.adc7aabc.chunk.js HTTP/1.1" 200 - "http://localhost:9000/sessions/new?return_to=%2F" "Mozilla/5.0 (Windows NT 10.0; Win64; x64) AppleWebKit/537.36 (KHTML, like Gecko) Chrome/89.0.4389.82 Safari/537.36" "AXgp/CK6HjJYhF8zAAAY"
0:0:0:0:0:0:0:1 - - [12/Mar/2021:23:39:54 -0600] "GET /favicon.ico HTTP/1.1" 200 5430 "http://localhost:9000/sessions/new?return_to=%2F" "Mozilla/5.0 (Windows NT 10.0; Win64; x64) AppleWebKit/537.36 (KHTML, like Gecko) Chrome/89.0.4389.82 Safari/537.36" "AXgp/CK6HjJYhF8zAAAa"
0:0:0:0:0:0:0:1 - - [12/Mar/2021:23:39:55 -0600] "GET /api/users/identity_providers HTTP/1.1" 200 24 "http://localhost:9000/sessions/new?return_to=%2F" "Mozilla/5.0 (Windows NT 10.0; Win64; x64) AppleWebKit/537.36 (KHTML, like Gecko) Chrome/89.0.4389.82 Safari/537.36" "AXgp/CK6HjJYhF8zAAAZ"
0:0:0:0:0:0:0:1 - - [12/Mar/2021:23:40:05 -0600] "POST /api/authentication/login HTTP/1.1" 200 - "http://localhost:9000/sessions/new?return_to=%2F" "Mozilla/5.0 (Windows NT 10.0; Win64; x64) AppleWebKit/537.36 (KHTML, like Gecko) Chrome/89.0.4389.82 Safari/537.36" "AXgp/CK6HjJYhF8zAAAb"
0:0:0:0:0:0:0:1 - - [12/Mar/2021:23:40:05 -0600] "GET / HTTP/1.1" 302 - "http://localhost:9000/sessions/new?return_to=%2F" "Mozilla/5.0 (Windows NT 10.0; Win64; x64) AppleWebKit/537.36 (KHTML, like Gecko) Chrome/89.0.4389.82 Safari/537.36" "AXgp/CK6HjJYhF8zAAAc"
0:0:0:0:0:0:0:1 - - [12/Mar/2021:23:40:05 -0600] "GET /account/reset_password HTTP/1.1" 200 - "http://localhost:9000/sessions/new?return_to=%2F" "Mozilla/5.0 (Windows NT 10.0; Win64; x64) AppleWebKit/537.36 (KHTML, like Gecko) Chrome/89.0.4389.82 Safari/537.36" "AXgp/CK6HjJYhF8zAAAd"
0:0:0:0:0:0:0:1 - - [12/Mar/2021:23:40:06 -0600] "GET /api/users/current HTTP/1.1" 200 354 "http://localhost:9000/account/reset_password" "Mozilla/5.0 (Windows NT 10.0; Win64; x64) AppleWebKit/537.36 (KHTML, like Gecko) Chrome/89.0.4389.82 Safari/537.36" "AXgp/CK6HjJYhF8zAAAf"
0:0:0:0:0:0:0:1 - - [12/Mar/2021:23:40:06 -0600] "GET /api/l10n/index?locale=es-ES HTTP/1.1" 200 - "http://localhost:9000/account/reset_password" "Mozilla/5.0 (Windows NT 10.0; Win64; x64) AppleWebKit/537.36 (KHTML, like Gecko) Chrome/89.0.4389.82 Safari/537.36" "AXgp/CK6HjJYhF8zAAAe"
0:0:0:0:0:0:0:1 - - [12/Mar/2021:23:40:06 -0600] "GET /api/navigation/global HTTP/1.1" 200 513 "http://localhost:9000/account/reset_password" "Mozilla/5.0 (Windows NT 10.0; Win64; x64) AppleWebKit/537.36 (KHTML, like Gecko) Chrome/89.0.4389.82 Safari/537.36" "AXgp/CK6HjJYhF8zAAAg"
0:0:0:0:0:0:0:1 - - [12/Mar/2021:23:40:07 -0600] "GET /js/340.m.044562fe.chunk.js HTTP/1.1" 200 4273 "http://localhost:9000/account/reset_password" "Mozilla/5.0 (Windows NT 10.0; Win64; x64) AppleWebKit/537.36 (KHTML, like Gecko) Chrome/89.0.4389.82 Safari/537.36" "AXgp/CK6HjJYhF8zAAAh"
0:0:0:0:0:0:0:1 - - [12/Mar/2021:23:40:07 -0600] "GET /api/languages/list HTTP/1.1" 200 479 "http://localhost:9000/account/reset_password" "Mozilla/5.0 (Windows NT 10.0; Win64; x64) AppleWebKit/537.36 (KHTML, like Gecko) Chrome/89.0.4389.82 Safari/537.36" "AXgp/CK6HjJYhF8zAAAi"
0:0:0:0:0:0:0:1 - - [12/Mar/2021:23:40:26 -0600] "POST /api/users/change_password HTTP/1.1" 204 - "http://localhost:9000/account/reset_password" "Mozilla/5.0 (Windows NT 10.0; Win64; x64) AppleWebKit/537.36 (KHTML, like Gecko) Chrome/89.0.4389.82 Safari/537.36" "AXgp/CK6HjJYhF8zAAAj"
0:0:0:0:0:0:0:1 - - [12/Mar/2021:23:40:27 -0600] "GET /js/358.m.62b7307a.chunk.js HTTP/1.1" 200 583 "http://localhost:9000/" "Mozilla/5.0 (Windows NT 10.0; Win64; x64) AppleWebKit/537.36 (KHTML, like Gecko) Chrome/89.0.4389.82 Safari/537.36" "AXgp/CK6HjJYhF8zAAAm"
0:0:0:0:0:0:0:1 - - [12/Mar/2021:23:40:27 -0600] "GET /images/logo.svg?v=6.6 HTTP/1.1" 200 3507 "http://localhost:9000/projects" "Mozilla/5.0 (Windows NT 10.0; Win64; x64) AppleWebKit/537.36 (KHTML, like Gecko) Chrome/89.0.4389.82 Safari/537.36" "AXgp/CK6HjJYhF8zAAAp"
0:0:0:0:0:0:0:1 - - [12/Mar/2021:23:40:27 -0600] "GET /api/rules/app HTTP/1.1" 200 - "http://localhost:9000/projects" "Mozilla/5.0 (Windows NT 10.0; Win64; x64) AppleWebKit/537.36 (KHTML, like Gecko) Chrome/89.0.4389.82 Safari/537.36" "AXgp/CK6HjJYhF8zAAAo"
0:0:0:0:0:0:0:1 - - [12/Mar/2021:23:40:27 -0600] "POST /api/users/change_password HTTP/1.1" 204 - "http://localhost:9000/account/reset_password" "Mozilla/5.0 (Windows NT 10.0; Win64; x64) AppleWebKit/537.36 (KHTML, like Gecko) Chrome/89.0.4389.82 Safari/537.36" "AXgp/CK6HjJYhF8zAAAk"
0:0:0:0:0:0:0:1 - - [12/Mar/2021:23:40:29 -0600] "POST /api/users/change_password HTTP/1.1" 400 41 "http://localhost:9000/account/reset_password" "Mozilla/5.0 (Windows NT 10.0; Win64; x64) AppleWebKit/537.36 (KHTML, like Gecko) Chrome/89.0.4389.82 Safari/537.36" "AXgp/CK6HjJYhF8zAAAl"
0:0:0:0:0:0:0:1 - - [12/Mar/2021:23:40:30 -0600] "GET /api/components/search_projects?filter=isFavorite&ps=1 HTTP/1.1" 200 77 "http://localhost:9000/projects" "Mozilla/5.0 (Windows NT 10.0; Win64; x64) AppleWebKit/537.36 (KHTML, like Gecko) Chrome/89.0.4389.82 Safari/537.36" "AXgp/CK6HjJYhF8zAAAn"
0:0:0:0:0:0:0:1 - - [12/Mar/2021:23:40:30 -0600] "GET /js/4.m.f5abff60.chunk.js HTTP/1.1" 200 - "http://localhost:9000/projects" "Mozilla/5.0 (Windows NT 10.0; Win64; x64) AppleWebKit/537.36 (KHTML, like Gecko) Chrome/89.0.4389.82 Safari/537.36" "AXgp/CK6HjJYhF8zAAAt"
0:0:0:0:0:0:0:1 - - [12/Mar/2021:23:40:30 -0600] "GET /js/3.m.566796d3.chunk.js HTTP/1.1" 200 - "http://localhost:9000/projects" "Mozilla/5.0 (Windows NT 10.0; Win64; x64) AppleWebKit/537.36 (KHTML, like Gecko) Chrome/89.0.4389.82 Safari/537.36" "AXgp/CK6HjJYhF8zAAAr"
0:0:0:0:0:0:0:1 - - [12/Mar/2021:23:40:30 -0600] "GET /js/2.m.7ee1bb11.chunk.js HTTP/1.1" 200 - "http://localhost:9000/projects" "Mozilla/5.0 (Windows NT 10.0; Win64; x64) AppleWebKit/537.36 (KHTML, like Gecko) Chrome/89.0.4389.82 Safari/537.36" "AXgp/CK6HjJYhF8zAAAs"
0:0:0:0:0:0:0:1 - - [12/Mar/2021:23:40:30 -0600] "GET /js/0.m.b2f40433.chunk.js HTTP/1.1" 200 - "http://localhost:9000/projects" "Mozilla/5.0 (Windows NT 10.0; Win64; x64) AppleWebKit/537.36 (KHTML, like Gecko) Chrome/89.0.4389.82 Safari/537.36" "AXgp/CK6HjJYhF8zAAAq"
0:0:0:0:0:0:0:1 - - [12/Mar/2021:23:40:30 -0600] "GET /js/270.m.96a33fb1.chunk.js HTTP/1.1" 200 - "http://localhost:9000/projects" "Mozilla/5.0 (Windows NT 10.0; Win64; x64) AppleWebKit/537.36 (KHTML, like Gecko) Chrome/89.0.4389.82 Safari/537.36" "AXgp/CK6HjJYhF8zAAAu"
0:0:0:0:0:0:0:1 - - [12/Mar/2021:23:40:30 -0600] "GET /js/356.m.260d37d3.chunk.js HTTP/1.1" 200 - "http://localhost:9000/projects" "Mozilla/5.0 (Windows NT 10.0; Win64; x64) AppleWebKit/537.36 (KHTML, like Gecko) Chrome/89.0.4389.82 Safari/537.36" "AXgp/CK6HjJYhF8zAAAv"
0:0:0:0:0:0:0:1 - - [12/Mar/2021:23:40:30 -0600] "GET /api/alm_settings/list? HTTP/1.1" 200 18 "http://localhost:9000/projects" "Mozilla/5.0 (Windows NT 10.0; Win64; x64) AppleWebKit/537.36 (KHTML, like Gecko) Chrome/89.0.4389.82 Safari/537.36" "AXgp/CK6HjJYhF8zAAAw"
0:0:0:0:0:0:0:1 - - [12/Mar/2021:23:40:31 -0600] "GET /api/components/search_projects?ps=50&facets=reliability_rating%2Csecurity_rating%2Csecurity_review_rating%2Csqale_rating%2Ccoverage%2Cduplicated_lines_density%2Cncloc%2Calert_status%2Clanguages%2Ctags%2Cqualifier&f=analysisDate%2CleakPeriodDate HTTP/1.1" 200 - "http://localhost:9000/projects" "Mozilla/5.0 (Windows NT 10.0; Win64; x64) AppleWebKit/537.36 (KHTML, like Gecko) Chrome/89.0.4389.82 Safari/537.36" "AXgp/CK6HjJYhF8zAAAx"
127.0.0.1 - - [12/Mar/2021:23:40:49 -0600] "GET /batch/index HTTP/1.1" 200 - "-" "ScannerCLI/4.6.0.2311" "AXgp/CK6HjJYhF8zAAAy"
127.0.0.1 - - [12/Mar/2021:23:40:53 -0600] "GET /api/settings/values.protobuf HTTP/1.1" 401 - "-" "ScannerCLI/4.6.0.2311" "AXgp/CK6HjJYhF8zAAAz"
127.0.0.1 - - [12/Mar/2021:23:55:21 -0600] "GET /batch/index HTTP/1.1" 200 - "-" "ScannerCLI/4.6.0.2311" "AXgp/CK6HjJYhF8zAAA0"
127.0.0.1 - - [12/Mar/2021:23:55:25 -0600] "GET /api/settings/values.protobuf HTTP/1.1" 401 - "-" "ScannerCLI/4.6.0.2311" "AXgp/CK6HjJYhF8zAAA1"
0:0:0:0:0:0:0:1 - - [12/Mar/2021:23:59:45 -0600] "GET /api/components/search_projects?filter=isFavorite&ps=1 HTTP/1.1" 200 77 "http://localhost:9000/projects" "Mozilla/5.0 (Windows NT 10.0; Win64; x64) AppleWebKit/537.36 (KHTML, like Gecko) Chrome/89.0.4389.82 Safari/537.36" "AXgp/CK6HjJYhF8zAAA2"
0:0:0:0:0:0:0:1 - - [12/Mar/2021:23:59:45 -0600] "GET /api/alm_settings/list? HTTP/1.1" 200 18 "http://localhost:9000/projects" "Mozilla/5.0 (Windows NT 10.0; Win64; x64) AppleWebKit/537.36 (KHTML, like Gecko) Chrome/89.0.4389.82 Safari/537.36" "AXgp/CK6HjJYhF8zAAA3"
0:0:0:0:0:0:0:1 - - [12/Mar/2021:23:59:45 -0600] "GET /api/components/search_projects?ps=50&facets=reliability_rating%2Csecurity_rating%2Csecurity_review_rating%2Csqale_rating%2Ccoverage%2Cduplicated_lines_density%2Cncloc%2Calert_status%2Clanguages%2Ctags%2Cqualifier&f=analysisDate%2CleakPeriodDate HTTP/1.1" 200 - "http://localhost:9000/projects" "Mozilla/5.0 (Windows NT 10.0; Win64; x64) AppleWebKit/537.36 (KHTML, like Gecko) Chrome/89.0.4389.82 Safari/537.36" "AXgp/CK6HjJYhF8zAAA4"
0:0:0:0:0:0:0:1 - - [12/Mar/2021:23:59:57 -0600] "GET /js/322.m.564ae332.chunk.js HTTP/1.1" 200 7915 "http://localhost:9000/account" "Mozilla/5.0 (Windows NT 10.0; Win64; x64) AppleWebKit/537.36 (KHTML, like Gecko) Chrome/89.0.4389.82 Safari/537.36" "AXgp/CK6HjJYhF8zAAA5"
0:0:0:0:0:0:0:1 - - [12/Mar/2021:23:59:58 -0600] "GET /js/342.m.917377b3.chunk.js HTTP/1.1" 200 5478 "http://localhost:9000/account" "Mozilla/5.0 (Windows NT 10.0; Win64; x64) AppleWebKit/537.36 (KHTML, like Gecko) Chrome/89.0.4389.82 Safari/537.36" "AXgp/CK6HjJYhF8zAAA6"
