2021.03.12 18:12:34 INFO  ce[][o.s.p.ProcessEntryPoint] Starting ce
2021.03.12 18:12:34 INFO  ce[][o.s.ce.app.CeServer] Compute Engine starting up...
2021.03.12 18:12:37 INFO  ce[][o.s.s.e.EsClientProvider] Connected to local Elasticsearch: [http://127.0.0.1:9001]
2021.03.12 18:12:40 INFO  ce[][o.sonar.db.Database] Create JDBC data source for jdbc:h2:tcp://127.0.0.1:9092/sonar
2021.03.12 18:12:41 WARN  ce[][o.s.db.dialect.H2] H2 database should be used for evaluation purpose only.
2021.03.12 18:12:47 INFO  ce[][o.s.s.p.ServerFileSystemImpl] SonarQube home: C:\Users\Andrea\Documents\USAC\2021\primer_semestre\Software\Lab\Practicas\Sonarqube\sonarqube-8.7.0.41497
2021.03.12 18:12:47 INFO  ce[][o.s.c.c.CePluginRepository] Load plugins
2021.03.12 18:12:52 INFO  ce[][o.s.c.c.ComputeEngineContainerImpl] Running Community edition
2021.03.12 18:12:52 INFO  ce[][o.s.ce.app.CeServer] Compute Engine is operational
2021.03.12 18:12:54 INFO  ce[][o.s.c.t.CeWorkerImpl] worker AXgo7b1AalWZ7UcejAJi found no pending task (including indexation task). Disabling indexation task lookup for this worker until next SonarQube restart.
2021.03.12 21:52:13 INFO  ce[][o.s.p.ProcessEntryPoint] Gracefully stopping process
2021.03.12 21:52:14 INFO  ce[][o.s.ce.app.CeServer] Compute Engine is stopping...
2021.03.12 21:52:14 INFO  ce[][o.s.c.t.CeProcessingSchedulerImpl] Gracefully stopping workers...
2021.03.12 21:52:14 INFO  ce[][o.s.ce.app.CeServer] Compute Engine is stopped
2021.03.12 22:41:43 INFO  ce[][o.s.p.ProcessEntryPoint] Starting ce
2021.03.12 22:41:43 INFO  ce[][o.s.ce.app.CeServer] Compute Engine starting up...
2021.03.12 22:41:48 INFO  ce[][o.s.s.e.EsClientProvider] Connected to local Elasticsearch: [http://127.0.0.1:9001]
2021.03.12 22:41:52 INFO  ce[][o.sonar.db.Database] Create JDBC data source for jdbc:h2:tcp://127.0.0.1:9092/sonar
2021.03.12 22:41:53 WARN  ce[][o.s.db.dialect.H2] H2 database should be used for evaluation purpose only.
2021.03.12 22:42:00 INFO  ce[][o.s.s.p.ServerFileSystemImpl] SonarQube home: C:\Users\Andrea\Documents\USAC\2021\primer_semestre\Software\Lab\Practicas\Sonarqube\sonarqube-8.7.0.41497
2021.03.12 22:42:01 INFO  ce[][o.s.c.c.CePluginRepository] Load plugins
2021.03.12 22:42:07 INFO  ce[][o.s.c.c.ComputeEngineContainerImpl] Running Community edition
2021.03.12 22:42:07 INFO  ce[][o.s.ce.app.CeServer] Compute Engine is operational
2021.03.12 22:42:11 INFO  ce[][o.s.c.t.CeWorkerImpl] worker AXgp5D56NT_vKxwexTtI found no pending task (including indexation task). Disabling indexation task lookup for this worker until next SonarQube restart.
2021.03.12 23:02:16 INFO  ce[][o.s.p.ProcessEntryPoint] Starting ce
2021.03.12 23:02:16 INFO  ce[][o.s.ce.app.CeServer] Compute Engine starting up...
2021.03.12 23:02:19 INFO  ce[][o.s.s.e.EsClientProvider] Connected to local Elasticsearch: [http://127.0.0.1:9001]
2021.03.12 23:02:21 INFO  ce[][o.sonar.db.Database] Create JDBC data source for jdbc:h2:tcp://127.0.0.1:9092/sonar
2021.03.12 23:02:22 WARN  ce[][o.s.db.dialect.H2] H2 database should be used for evaluation purpose only.
2021.03.12 23:02:27 INFO  ce[][o.s.s.p.ServerFileSystemImpl] SonarQube home: C:\Users\Andrea\Documents\USAC\2021\primer_semestre\Software\Lab\Practicas\Sonarqube\sonarqube-8.7.0.41497
2021.03.12 23:02:28 INFO  ce[][o.s.c.c.CePluginRepository] Load plugins
2021.03.12 23:02:35 INFO  ce[][o.s.c.c.ComputeEngineContainerImpl] Running Community edition
2021.03.12 23:02:35 INFO  ce[][o.s.ce.app.CeServer] Compute Engine is operational
2021.03.12 23:02:37 INFO  ce[][o.s.c.t.CeWorkerImpl] worker AXgp9vrRVKib0s1TNNxR found no pending task (including indexation task). Disabling indexation task lookup for this worker until next SonarQube restart.
